<?xml version="1.0" encoding="UTF-8"?>
<testsuite xmlns:xsi="http://www.w3.org/2001/XMLSchema-instance" xsi:noNamespaceSchemaLocation="https://maven.apache.org/surefire/maven-surefire-plugin/xsd/surefire-test-report.xsd" name="com.davidchiu.demo.MarvelApplicationTests" time="0.162" tests="1" errors="1" skipped="0" failures="0">
  <properties>
[...]
</properties>
  <testcase name="com.davidchiu.demo.MarvelApplicationTests" classname="com.davidchiu.demo.MarvelApplicationTests" time="0.161">
    <error message="Found multiple @SpringBootConfiguration annotated classes [Generic bean: class [com.davidchiu.DemoApplication]; scope=; abstract=false; lazyInit=null; autowireMode=0; dependencyCheck=0; autowireCandidate=true; primary=false; factoryBeanName=null; factoryMethodName=null; initMethodName=null; destroyMethodName=null; defined in file [C:\Users\David\Downloads\demo (1)\demo\target\classes\com\davidchiu\DemoApplication.class], Generic bean: class [com.davidchiu.MarvelApplication]; scope=; abstract=false; lazyInit=null; autowireMode=0; dependencyCheck=0; autowireCandidate=true; primary=false; factoryBeanName=null; factoryMethodName=null; initMethodName=null; destroyMethodName=null; defined in file [C:\Users\David\Downloads\demo (1)\demo\target\classes\com\davidchiu\MarvelApplication.class]]" type="java.lang.IllegalStateException">java.lang.IllegalStateException: Found multiple @SpringBootConfiguration annotated classes [Generic bean: class [com.davidchiu.DemoApplication]; scope=; abstract=false; lazyInit=null; autowireMode=0; dependencyCheck=0; autowireCandidate=true; primary=false; factoryBeanName=null; factoryMethodName=null; initMethodName=null; destroyMethodName=null; defined in file [C:\Users\David\Downloads\demo (1)\demo\target\classes\com\davidchiu\DemoApplication.class], Generic bean: class [com.davidchiu.MarvelApplication]; scope=; abstract=false; lazyInit=null; autowireMode=0; dependencyCheck=0; autowireCandidate=true; primary=false; factoryBeanName=null; factoryMethodName=null; initMethodName=null; destroyMethodName=null; defined in file [C:\Users\David\Downloads\demo (1)\demo\target\classes\com\davidchiu\MarvelApplication.class]]
</error>
    <system-out><![CDATA[17:45:24.096 [main] DEBUG org.springframework.test.context.BootstrapUtils - Instantiating CacheAwareContextLoaderDelegate from class [org.springframework.test.context.cache.DefaultCacheAwareContextLoaderDelegate]
17:45:24.108 [main] DEBUG org.springframework.test.context.BootstrapUtils - Instantiating BootstrapContext using constructor [public org.springframework.test.context.support.DefaultBootstrapContext(java.lang.Class,org.springframework.test.context.CacheAwareContextLoaderDelegate)]
17:45:24.132 [main] DEBUG org.springframework.test.context.BootstrapUtils - Instantiating TestContextBootstrapper for test class [com.davidchiu.demo.MarvelApplicationTests] from class [org.springframework.boot.test.context.SpringBootTestContextBootstrapper]
17:45:24.140 [main] INFO org.springframework.boot.test.context.SpringBootTestContextBootstrapper - Neither @ContextConfiguration nor @ContextHierarchy found for test class [com.davidchiu.demo.MarvelApplicationTests], using SpringBootContextLoader
17:45:24.142 [main] DEBUG org.springframework.test.context.support.AbstractContextLoader - Did not detect default resource location for test class [com.davidchiu.demo.MarvelApplicationTests]: class path resource [com/davidchiu/demo/MarvelApplicationTests-context.xml] does not exist
17:45:24.142 [main] DEBUG org.springframework.test.context.support.AbstractContextLoader - Did not detect default resource location for test class [com.davidchiu.demo.MarvelApplicationTests]: class path resource [com/davidchiu/demo/MarvelApplicationTestsContext.groovy] does not exist
17:45:24.142 [main] INFO org.springframework.test.context.support.AbstractContextLoader - Could not detect default resource locations for test class [com.davidchiu.demo.MarvelApplicationTests]: no resource found for suffixes {-context.xml, Context.groovy}.
17:45:24.143 [main] INFO org.springframework.test.context.support.AnnotationConfigContextLoaderUtils - Could not detect default configuration classes for test class [com.davidchiu.demo.MarvelApplicationTests]: MarvelApplicationTests does not declare any static, non-private, non-final, nested classes annotated with @Configuration.
17:45:24.169 [main] DEBUG org.springframework.test.context.support.ActiveProfilesUtils - Could not find an 'annotation declaring class' for annotation type [org.springframework.test.context.ActiveProfiles] and class [com.davidchiu.demo.MarvelApplicationTests]
17:45:24.208 [main] DEBUG org.springframework.context.annotation.ClassPathScanningCandidateComponentProvider - Identified candidate component class: file [C:\Users\David\Downloads\demo (1)\demo\target\classes\com\davidchiu\DemoApplication.class]
17:45:24.208 [main] DEBUG org.springframework.context.annotation.ClassPathScanningCandidateComponentProvider - Identified candidate component class: file [C:\Users\David\Downloads\demo (1)\demo\target\classes\com\davidchiu\MarvelApplication.class]
]]></system-out>
  </testcase>
</testsuite>